<?xml version="1.0" encoding="UTF-8"?>
<!-- Generated by org.testng.reporters.JUnitReportReporter -->
<testsuite skipped="0" hostname="CL-NB-1222" name="automationcraft.delivery.runners.google.GRunner" tests="2" failures="0" timestamp="10 ene 2022 14:46:53 GMT" time="9.340" errors="0">
  <testcase name="runScenario" time="2.343" classname="automationcraft.delivery.runners.google.GRunner"/>
  <testcase name="runScenario" time="6.997" classname="automationcraft.delivery.runners.google.GRunner"/>
</testsuite> <!-- automationcraft.delivery.runners.google.GRunner -->
