<?xml version="1.0" encoding="UTF-8"?>
<!-- Generated by org.testng.reporters.JUnitReportReporter -->
<testsuite skipped="0" hostname="NorkotPC" name="automationcraft.delivery.runners.google.GRunner" tests="2" failures="0" timestamp="10 ene 2022 15:17:49 GMT" time="7.758" errors="0">
  <testcase name="runScenario" time="5.434" classname="automationcraft.delivery.runners.google.GRunner"/>
  <testcase name="runScenario" time="2.324" classname="automationcraft.delivery.runners.google.GRunner"/>
</testsuite> <!-- automationcraft.delivery.runners.google.GRunner -->
