<?xml version="1.0" encoding="UTF-8"?>
<!-- Generated by org.testng.reporters.JUnitReportReporter -->
<testsuite skipped="0" hostname="CL-NB-1222" name="automationcraft.delivery.runners.farmacia.FRunner" tests="3" failures="0" timestamp="12 ene 2022 12:48:13 GMT" time="59.637" errors="0">
  <testcase name="runScenario" time="19.170" classname="automationcraft.delivery.runners.farmacia.FRunner"/>
  <testcase name="runScenario" time="21.917" classname="automationcraft.delivery.runners.farmacia.FRunner"/>
  <testcase name="runScenario" time="18.550" classname="automationcraft.delivery.runners.farmacia.FRunner"/>
</testsuite> <!-- automationcraft.delivery.runners.farmacia.FRunner -->
