<?xml version="1.0" encoding="UTF-8"?>
<!-- Generated by org.testng.reporters.JUnitReportReporter -->
<<<<<<< HEAD
<testsuite skipped="0" hostname="CL-NB-1222" name="automationcraft.delivery.runners.google.GRunner" tests="2" failures="0" timestamp="10 ene 2022 14:58:16 GMT" time="9.984" errors="0">
  <testcase name="runScenario" time="7.140" classname="automationcraft.delivery.runners.google.GRunner"/>
  <testcase name="runScenario" time="2.844" classname="automationcraft.delivery.runners.google.GRunner"/>
=======
<testsuite skipped="0" hostname="NorkotPC" name="automationcraft.delivery.runners.google.GRunner" tests="2" failures="0" timestamp="10 ene 2022 15:17:49 GMT" time="7.758" errors="0">
  <testcase name="runScenario" time="5.434" classname="automationcraft.delivery.runners.google.GRunner"/>
  <testcase name="runScenario" time="2.324" classname="automationcraft.delivery.runners.google.GRunner"/>
>>>>>>> 1f28f718befd8de9f4679c60a79eafd7650af036
</testsuite> <!-- automationcraft.delivery.runners.google.GRunner -->
